Traceback (most recent call last):
  File "/Users/zeller/Projects/fuzzingbook/code/ExpectError.py", line 75, in <module>
    fail_test()
  File "/Users/zeller/Projects/fuzzingbook/code/ExpectError.py", line 68, in fail_test
    x = 1 / 0
ZeroDivisionError: division by zero
Traceback (most recent call last):
  File "/Users/zeller/Projects/fuzzingbook/code/ExpectError.py", line 178, in <module>
    long_running_test()
  File "/Users/zeller/Projects/fuzzingbook/code/ExpectError.py", line 170, in long_running_test
    print(i, "seconds have passed")
  File "/Users/zeller/Projects/fuzzingbook/code/ExpectError.py", line 170, in long_running_test
    print(i, "seconds have passed")
  File "/Users/zeller/Projects/fuzzingbook/code/ExpectError.py", line 133, in check_time
    raise TimeoutError
TimeoutError
Traceback (most recent call last):
  File "/Users/zeller/Projects/fuzzingbook/code/ExpectError.py", line 188, in <module>
    long_running_test()
  File "/Users/zeller/Projects/fuzzingbook/code/ExpectError.py", line 170, in long_running_test
    print(i, "seconds have passed")
  File "/Users/zeller/Projects/fuzzingbook/code/ExpectError.py", line 170, in long_running_test
    print(i, "seconds have passed")
  File "/Users/zeller/Projects/fuzzingbook/code/ExpectError.py", line 133, in check_time
    raise TimeoutError
TimeoutError
Traceback (most recent call last):
  File "/Users/zeller/Projects/fuzzingbook/code/ExpectError.py", line 189, in <module>
    long_running_test()
  File "/Users/zeller/Projects/fuzzingbook/code/ExpectError.py", line 170, in long_running_test
    print(i, "seconds have passed")
  File "/Users/zeller/Projects/fuzzingbook/code/ExpectError.py", line 170, in long_running_test
    print(i, "seconds have passed")
  File "/Users/zeller/Projects/fuzzingbook/code/ExpectError.py", line 133, in check_time
    raise TimeoutError
TimeoutError
Traceback (most recent call last):
  File "/Users/zeller/Projects/fuzzingbook/code/Basic_Fuzzing.py", line 285, in <module>
    crash_if_too_long(s)
  File "/Users/zeller/Projects/fuzzingbook/code/Basic_Fuzzing.py", line 267, in crash_if_too_long
    raise ValueError
ValueError
Traceback (most recent call last):
  File "/Users/zeller/Projects/fuzzingbook/code/Basic_Fuzzing.py", line 335, in <module>
    hang_if_no_space(s)
  File "/Users/zeller/Projects/fuzzingbook/code/Basic_Fuzzing.py", line 314, in hang_if_no_space
    if i < len(s):
  File "/Users/zeller/Projects/fuzzingbook/code/Basic_Fuzzing.py", line 314, in hang_if_no_space
    if i < len(s):
  File "/Users/zeller/Projects/fuzzingbook/code/ExpectError.py", line 133, in check_time
    raise TimeoutError
TimeoutError
Traceback (most recent call last):
  File "/Users/zeller/Projects/fuzzingbook/code/Basic_Fuzzing.py", line 380, in <module>
    collapse_if_too_large(long_number)
  File "/Users/zeller/Projects/fuzzingbook/code/Basic_Fuzzing.py", line 362, in collapse_if_too_large
    raise ValueError
ValueError
Traceback (most recent call last):
  File "code/Coverage.py", line 540, in <module>
    for i in range(TRIALS):
NameError: name 'TRIALS' is not defined
#  1 def cgi_decode(s):
#  2     """Decode the CGI-encoded string `s`:
#  3        * replace "+" by " "
#  4        * replace "%xx" by the character with hex number xx.
#  5        Return the decoded string.  Raise `ValueError` for invalid inputs."""
#  6 
#  7     # Mapping of hex digits to their integer values
#  8     hex_values = {
#  9         '0': 0, '1': 1, '2': 2, '3': 3, '4': 4, 
# 10         '5': 5, '6': 6, '7': 7, '8': 8, '9': 9, 
# 11         'a': 10, 'b': 11, 'c': 12, 'd': 13, 'e': 14, 'f': 15,
# 12         'A': 10, 'B': 11, 'C': 12, 'D': 13, 'E': 14, 'F': 15,
# 13     }
# 14 
# 15     t = ""
# 16     i = 0
# 17     while i < len(s):
# 18         c = s[i]
# 19         if c == '+':
# 20             t += ' '
# 21         elif c == '%':
# 22             digit_high, digit_low = s[i + 1], s[i + 2]
# 23             i += 2
# 24             if digit_high in hex_values and digit_low in hex_values:
# 25                 v = hex_values[digit_high] * 16 + hex_values[digit_low]
# 26                 t += chr(v)
# 27             else:
# 28                 raise ValueError("Invalid encoding")
# 29         else:
# 30             t += c
# 31         i += 1
# 32     return t
{('cgi_decode', 42), ('cgi_decode', 36), ('cgi_decode', 43), ('cgi_decode', 37), ('__exit__', 322), ('cgi_decode', 41), ('cgi_decode', 35), ('cgi_decode', 58), ('cgi_decode', 46), ('cgi_decode', 56), ('cgi_decode', 47), ('cgi_decode', 57), ('cgi_decode', 44), ('cgi_decode', 38), ('cgi_decode', 45)}
/)=04-?: <"?*?5658>6!%<!8/
'%,%\':,0\'918*143:*-2&35$06!((;<61<:6%!?6+-))/-;65-2.;"8>6-87 7:9)!+?"&)6"71*#.-+<2&:"*(!;-/:5"2%"1!5'
input.txt 1: parse error
input.txt 1: illegal character: '
input.txt 1: illegal character: :
input.txt 1: illegal character: '
input.txt 1: illegal character: :
input.txt 1: illegal character: &
input.txt 1: parse error
input.txt 1: illegal character: $
input.txt 1: parse error
input.txt 1: illegal character: :
input.txt 1: illegal character: ?
input.txt 1: parse error
input.txt 1: illegal character: &
input.txt 1: parse error
input.txt 1: illegal character: :

Start
0 seconds have passed
1 seconds have passed
2 seconds have passed
3 seconds have passed
Start
Start
408752631457291
